app/build/outputs/logs/manifest-merger-debug-report.txt
-- Merging decision tree log ---
manifest
ADDED from src/main/AndroidManifest.xml:2:1-62:12
	package
		ADDED from src/main/AndroidManifest.xml:3:5-45
		INJECTED from src/main/AndroidManifest.xml
		INJECTED from src/main/AndroidManifest.xml
	android:versionName
		ADDED from src/main/AndroidManifest.xml:5:5-32
		INJECTED from src/main/AndroidManifest.xml
		INJECTED from src/main/AndroidManifest.xml
	android:versionCode
		ADDED from src/main/AndroidManifest.xml:4:5-28
		INJECTED from src/main/AndroidManifest.xml
		INJECTED from src/main/AndroidManifest.xml
	xmlns:android
		ADDED from src/main/AndroidManifest.xml:2:11-69
uses-permission#android.permission.CAMERA
ADDED from src/main/AndroidManifest.xml:7:5-65
	android:name
		ADDED from src/main/AndroidManifest.xml:7:22-62
uses-permission#android.permission.WRITE_EXTERNAL_STORAGE
ADDED from src/main/AndroidManifest.xml:8:5-81
	android:name
		ADDED from src/main/AndroidManifest.xml:8:22-78
uses-permission#android.permission.READ_PHONE_STATE
ADDED from src/main/AndroidManifest.xml:9:5-75
	android:name
		ADDED from src/main/AndroidManifest.xml:9:22-72
uses-permission#android.permission.READ_EXTERNAL_STORAGE
ADDED from src/main/AndroidManifest.xml:10:5-80
	android:name
		ADDED from src/main/AndroidManifest.xml:10:22-77
uses-feature#android.hardware.usb.host
ADDED from src/main/AndroidManifest.xml:12:5-62
	android:name
		ADDED from src/main/AndroidManifest.xml:12:19-59
application
ADDED from src/main/AndroidManifest.xml:14:5-60:19
MERGED from [com.android.support:support-v4:23.3.0] AndroidManifest.xml:22:5-20
	android:label
		ADDED from src/main/AndroidManifest.xml:17:9-41
	android:supportsRtl
		ADDED from src/main/AndroidManifest.xml:18:9-35
	android:allowBackup
		ADDED from src/main/AndroidManifest.xml:15:9-35
	android:icon
		ADDED from src/main/AndroidManifest.xml:16:9-45
	android:theme
		ADDED from src/main/AndroidManifest.xml:19:9-40
activity#com.hardcopy.arduinocontroller.AlbumList
ADDED from src/main/AndroidManifest.xml:20:9-28:20
	android:label
		ADDED from src/main/AndroidManifest.xml:22:13-62
	android:name
		ADDED from src/main/AndroidManifest.xml:21:13-38
intent-filter#android.intent.action.MAIN+android.intent.category.LAUNCHER
ADDED from src/main/AndroidManifest.xml:23:13-27:29
action#android.intent.action.MAIN
ADDED from src/main/AndroidManifest.xml:24:17-69
	android:name
		ADDED from src/main/AndroidManifest.xml:24:25-66
category#android.intent.category.LAUNCHER
ADDED from src/main/AndroidManifest.xml:26:17-77
	android:name
		ADDED from src/main/AndroidManifest.xml:26:27-74
activity#com.hardcopy.arduinocontroller.ArduinoControllerActivity
ADDED from src/main/AndroidManifest.xml:29:9-39:20
	android:label
		ADDED from src/main/AndroidManifest.xml:31:13-45
	android:name
		ADDED from src/main/AndroidManifest.xml:30:13-54
intent-filter#android.hardware.usb.action.USB_DEVICE_ATTACHED
ADDED from src/main/AndroidManifest.xml:32:13-34:29
action#android.hardware.usb.action.USB_DEVICE_ATTACHED
ADDED from src/main/AndroidManifest.xml:33:17-90
	android:name
		ADDED from src/main/AndroidManifest.xml:33:25-87
meta-data#android.hardware.usb.action.USB_DEVICE_ATTACHED
ADDED from src/main/AndroidManifest.xml:36:13-38:57
	android:resource
		ADDED from src/main/AndroidManifest.xml:38:17-54
	android:name
		ADDED from src/main/AndroidManifest.xml:37:17-79
activity#com.hardcopy.arduinocontroller.CameraActivity
ADDED from src/main/AndroidManifest.xml:40:9-43:20
	android:label
		ADDED from src/main/AndroidManifest.xml:42:13-45
	android:name
		ADDED from src/main/AndroidManifest.xml:41:13-43
activity#com.hardcopy.arduinocontroller.AddUpdateAlbum
ADDED from src/main/AndroidManifest.xml:44:9-47:20
	android:label
		ADDED from src/main/AndroidManifest.xml:46:13-68
	android:name
		ADDED from src/main/AndroidManifest.xml:45:13-43
activity#com.hardcopy.arduinocontroller.ProductList
ADDED from src/main/AndroidManifest.xml:48:9-51:20
	android:label
		ADDED from src/main/AndroidManifest.xml:50:13-64
	android:name
		ADDED from src/main/AndroidManifest.xml:49:13-40
activity#com.hardcopy.arduinocontroller.AddUpdateProduct
ADDED from src/main/AndroidManifest.xml:52:9-55:20
	android:label
		ADDED from src/main/AndroidManifest.xml:54:13-70
	android:name
		ADDED from src/main/AndroidManifest.xml:53:13-45
activity#com.hardcopy.arduinocontroller.ProductShow
ADDED from src/main/AndroidManifest.xml:56:9-59:20
	android:label
		ADDED from src/main/AndroidManifest.xml:58:13-64
	android:name
		ADDED from src/main/AndroidManifest.xml:57:13-40
uses-sdk
INJECTED from src/main/AndroidManifest.xml reason: use-sdk injection requested
MERGED from [com.android.support:support-v4:23.3.0] AndroidManifest.xml:20:5-43
MERGED from [com.hoho.android:usbSerialForAndroid:0.2.0-SNAPSHOT] AndroidManifest.xml:7:5-9:41
	android:targetSdkVersion
		INJECTED from src/main/AndroidManifest.xml
		INJECTED from src/main/AndroidManifest.xml
	android:minSdkVersion
		INJECTED from src/main/AndroidManifest.xml
		INJECTED from src/main/AndroidManifest.xml